<?xml version="1.0" encoding="UTF-8"?>
<!-- Generated by org.testng.reporters.JUnitReportReporter -->
<testsuite hostname="DESKTOP-6GB76TS" failures="0" tests="1" name="cucumber.TestNGTestRunner" time="20.485" errors="0" timestamp="2025-01-22T19:35:06 IST" skipped="0">
  <testcase classname="cucumber.TestNGTestRunner" name="runScenario" time="20.485"/>
  <system-out/>
</testsuite> <!-- cucumber.TestNGTestRunner -->
